make all --print-data-base --no-builtin-variables --no-builtin-rules --question
# GNU Make 3.81
# Copyright (C) 2006  Free Software Foundation, Inc.
# This is free software; see the source for copying conditions.
# There is NO warranty; not even for MERCHANTABILITY or FITNESS FOR A
# PARTICULAR PURPOSE.

# This program built for i386-apple-darwin11.3.0
 

# Make data base, printed on Fri Jun  3 16:12:55 2022

# Variables
 

# automatic
<D = $(patsubst %/,%,$(dir $<))
# automatic
?F = $(notdir $?)
# environment
ELECTRON_NO_ATTACH_CONSOLE = 1
# environment
LC_CTYPE = UTF-8
# environment
VSCODE_LOG_NATIVE = false
# automatic
?D = $(patsubst %/,%,$(dir $?))
# automatic
@D = $(patsubst %/,%,$(dir $@))
# automatic
@F = $(notdir $@)
# makefile
CURDIR := /Users/andrea/coding/cube/cube_source/src
# makefile
SHELL = /bin/sh
# environment
VSCODE_NLS_CONFIG = {"locale":"en-gb","availableLanguages":{},"_languagePackSupport":true}
# environment
_ = /usr/bin/make
# makefile (from `Makefile', line 6)
CFLAGS = -I../enet/include -DHAS_SOCKLEN_T
# makefile (from `Makefile', line 1)
MAKEFILE_LIST :=  Makefile
# environment
HISTCONTROL = ignoreboth:erasedups
# makefile (from `Makefile', line 4)
CXXFLAGS = $(CXXOPTFLAGS) -I../enet/include -I../SDL2/include -I../jpeg-9e -I$(WWISESDK)/include -I$(WWISESDK)/samples/SoundEngine/POSIX -I$(WWISESDK)/samples/SoundEngine/Common
# environment
VSCODE_VERBOSE_LOGGING = true
# environment
VSCODE_IPC_HOOK_EXTHOST = /var/folders/zz/w2rm_d8d7kbfzz2r9gwy7n940000gn/T/vscode-ipc-9d266f1d-1da0-44b6-be77-16f1da256d8c.sock
# environment
VSCODE_CWD = /Users/andrea/coding/cube/cube_source/src
# environment
Apple_PubSub_Socket_Render = /private/tmp/com.apple.launchd.NyERKNVxiS/Render
# makefile (from `Makefile', line 3)
CXXOPTFLAGS = -g -fsigned-char
# environment
PATH = /usr/local/bin:/usr/bin:/bin:/usr/sbin:/sbin:/Library/Frameworks/Mono.framework/Versions/Current/Commands
# environment
VSCODE_LOG_STACK = false
# environment
ELECTRON_RUN_AS_NODE = 1
# default
.FEATURES := target-specific order-only second-expansion else-if archives jobserver check-symlink
# environment
SSH_AUTH_SOCK = /private/tmp/com.apple.launchd.x9L6G8hmf5/Listeners
# automatic
%F = $(notdir $%)
# makefile (from `Makefile', line 8)
CLIENT_LIBS = -L/usr/local/lib -L$(WWISESDK)/Mac/Profile/lib ../jpeg-9e/libjpeg.a -lz -lSDL2 -framework OpenGL -framework AudioToolbox -framework AudioUnit -framework CoreAudio -framework CoreFoundation -lAkSoundEngine -lAkMusicEngine -lAkMemoryMgr -lAkStreamMgr -lCommunicationCentral -lAkAACDecoder -lAkSoundSeedWindSource -lAkAudioInputSource -lAkMeterFX -lAkSoundSeedWooshSource -lAkCompressorFX -lAkStereoDelayFX -lAkConvolutionReverbFX -lAkParametricEQFX -lAkDelayFX -lAkPeakLimiterFX -lAkTimeStretchFX -lAkExpanderFX -lAkPitchShifterFX -lAkToneSource -lAkFlangerFX -lAkRoomVerbFX -lAkTremoloFX -lAkGainFX -lAkSilenceSource -lAkVorbisDecoder -lAkGuitarDistortionFX -lAkSineSource -lAkHarmonizerFX -lAkMatrixReverbFX -lAkSoundSeedImpactFX -lAkRecorderFX -lAkSynthOneSource
# environment
VSCODE_PIPE_LOGGING = true
# environment
PWD = /Users/andrea/coding/cube/cube_source/src
# makefile (from `Makefile', line 2)
WWISESDK = ../SDK
# environment
ORIGINAL_XDG_CURRENT_DESKTOP = undefined
# makefile (from `Makefile', line 18)
CLIENT_OBJS = client.o clientextras.o clientgame.o clients2c.o command.o console.o editing.o entities.o main.o menus.o monster.o physics.o rendercubes.o renderextras.o rendergl.o rendermd2.o renderparticles.o rendertext.o rndmap.o savegamedemo.o server.o serverbrowser.o serverms.o serverutil.o sound.o tools.o weapon.o world.o worldio.o worldlight.o worldocull.o worldrender.o $(WWISESDK)/samples/SoundEngine/Common/AkFileLocationBase.o $(WWISESDK)/samples/SoundEngine/Common/AkMultipleFileLocation.o $(WWISESDK)/samples/SoundEngine/POSIX/AkDefaultIOHookBlocking.o
# environment
VSCODE_AMD_ENTRYPOINT = vs/workbench/api/node/extensionHostProcess
# environment
HOME = /Users/andrea
# makefile (from `Makefile', line 55)
ENET_OBJS = ../enet/callbacks.o ../enet/memory.o ../enet/protocol.o ../enet/host.o ../enet/packet.o ../enet/unix.o ../enet/list.o ../enet/peer.o ../enet/win32.o 
# default
MAKEFILEPATH := /Applications/Xcode.app/Contents/Developer/Makefiles
# environment
VSCODE_CLI = 1
# environment
VSCODE_CODE_CACHE_PATH = /Users/andrea/Library/Application Support/Code/CachedData/c3511e6c69bb39013c4a4b7b9566ec1ca73fc4d5
# environment
LOGNAME = andrea
# environment
APPLICATION_INSIGHTS_NO_DIAGNOSTIC_CHANNEL = 1
# environment
VSCODE_HANDLES_UNCAUGHT_ERRORS = true
# automatic
^D = $(patsubst %/,%,$(dir $^))
# environment
XPC_FLAGS = 0x0
# default
MAKE = $(MAKE_COMMAND)
# default
MAKECMDGOALS := all
# environment
SHLVL = 3
# default
MAKE_VERSION := 3.81
# environment
USER = andrea
# makefile
.DEFAULT_GOAL := default
# environment
TERM_SESSION_ID = 568B7970-0BAC-444B-B781-95247199C7F4
# automatic
%D = $(patsubst %/,%,$(dir $%))
# default
MAKE_COMMAND := /Applications/Xcode.app/Contents/Developer/usr/bin/make
# environment
TERM_PROGRAM = Apple_Terminal
# default
.VARIABLES := 
# environment
 
TMPDIR = /var/folders/zz/w2rm_d8d7kbfzz2r9gwy7n940000gn/T/
# automatic
*F = $(notdir $*)
# environment
VSCODE_IPC_HOOK = /Users/andrea/Library/Application Support/Code/1.67.2-main.sock
# makefile
MAKEFLAGS = Rrqp
# environment
MFLAGS = -Rrqp
# automatic
*D = $(patsubst %/,%,$(dir $*))
# environment
TERM_PROGRAM_VERSION = 421.2
# environment
XPC_SERVICE_NAME = 0
# automatic
+D = $(patsubst %/,%,$(dir $+))
# automatic
+F = $(notdir $+)
# environment
__CF_USER_TEXT_ENCODING = 0x1F5:0x0:0x0
# default
MAKEFILES := 
# automatic
<F = $(notdir $<)
# makefile (from `Makefile', line 66)
SERVER_LIBS = 
# makefile (from `Makefile', line 1)
CXX = clang++ -std=c++11 -Wno-write-strings -fvisibility-inlines-hidden -Wno-narrowing -Wno-int-to-void-pointer-cast -Wno-unsequenced -Wno-parentheses
# environment
LC_ALL = C
# automatic
^F = $(notdir $^)
# default
SUFFIXES := 
# makefile (from `Makefile', line 67)
SERVER_OBJS = standalone.o serverms.o server.o tools.o
# default
.INCLUDE_DIRS = /usr/local/include
# environment
MAKELEVEL := 0
# environment
LANG = C
# environment
TERM = xterm-256color
# environment
VSCODE_PID = 28962
# variable set hash-table stats:
# Load=79/1024=8%, Rehash=0, Collisions=1/125=1%

# Pattern-specific Variable Values

# No pattern-specific variable values.

# Directories

# . (device 16777220, inode 22308486): 77 files, no impossibilities.

# 77 files, no impossibilities in 1 directories.

# Implicit Rules

# No implicit rules.

# Files

# Not a target:
rendermd2.o:
#  Implicit rule search has been done.
#  Last modified 2022-05-27 16:33:09
#  File has been updated.
#  Successfully updated.
# variable set hash-table stats:
# Load=0/32=0%, Rehash=0, Collisions=0/0=0%

# Not a target:
../enet/host.o:
#  Implicit rule search has been done.
#  Last modified 2022-05-27 16:33:13
#  File has been updated.
#  Successfully updated.
# variable set hash-table stats:
# Load=0/32=0%, Rehash=0, Collisions=0/0=0%

# Not a target:
../SDK/samples/SoundEngine/Common/AkFileLocationBase.o:
#  Implicit rule search has been done.
#  Last modified 2022-05-27 16:33:12
#  File has been updated.
#  Successfully updated.
# variable set hash-table stats:
# Load=0/32=0%, Rehash=0, Collisions=0/0=0%

# Not a target:
savegamedemo.o:
#  Implicit rule search has been done.
#  Last modified 2022-05-27 16:33:10
#  File has been updated.
#  Successfully updated.
# variable set hash-table stats:
# Load=0/32=0%, Rehash=0, Collisions=0/0=0%

# Not a target:
../enet/win32.o:
#  Implicit rule search has been done.
#  Last modified 2022-05-27 16:33:13
#  File has been updated.
#  Successfully updated.
# variable set hash-table stats:
# Load=0/32=0%, Rehash=0, Collisions=0/0=0%

# Not a target:
renderextras.o:
#  Implicit rule search has been done.
#  Last modified 2022-05-27 16:33:09
#  File has been updated.
#  Successfully updated.
# variable set hash-table stats:
# Load=0/32=0%, Rehash=0, Collisions=0/0=0%

# Not a target:
command.o:
#  Implicit rule search has been done.
#  Last modified 2022-05-27 16:33:07
#  File has been updated.
#  Successfully updated.
# variable set hash-table stats:
# Load=0/32=0%, Rehash=0, Collisions=0/0=0%

# Not a target:
editing.o:
#  Implicit rule search has been done.
#  Last modified 2022-05-27 16:33:08
#  File has been updated.
#  Successfully updated.
# variable set hash-table stats:
# Load=0/32=0%, Rehash=0, Collisions=0/0=0%

all: client
#  Command-line target.
#  Implicit rule search has been done.
#  File does not exist.
#  File has been updated.
#  Needs to be updated (-q is set).
# variable set hash-table stats:
# Load=0/32=0%, Rehash=0, Collisions=0/15=0%

# Not a target:
client.o:
#  Implicit rule search has been done.
#  Last modified 2022-05-27 16:33:06
#  File has been updated.
#  Successfully updated.
# variable set hash-table stats:
# Load=0/32=0%, Rehash=0, Collisions=0/0=0%

client: client.o clientextras.o clientgame.o clients2c.o command.o console.o editing.o entities.o main.o menus.o monster.o physics.o rendercubes.o renderextras.o rendergl.o rendermd2.o renderparticles.o rendertext.o rndmap.o savegamedemo.o server.o serverbrowser.o serverms.o serverutil.o sound.o tools.o weapon.o world.o worldio.o worldlight.o worldocull.o worldrender.o ../SDK/samples/SoundEngine/Common/AkFileLocationBase.o ../SDK/samples/SoundEngine/Common/AkMultipleFileLocation.o ../SDK/samples/SoundEngine/POSIX/AkDefaultIOHookBlocking.o ../enet/callbacks.o ../enet/memory.o ../enet/protocol.o ../enet/host.o ../enet/packet.o ../enet/unix.o ../enet/list.o ../enet/peer.o ../enet/win32.o
#  Implicit rule search has not been done.
#  Implicit/static pattern stem: `'
#  File does not exist.
#  File has been updated.
#  Needs to be updated (-q is set).
# automatic
# @ := client
# automatic
# % := 
# automatic
# * := 
# automatic
 
# + := client.o clientextras.o clientgame.o clients2c.o command.o console.o editing.o entities.o main.o menus.o monster.o physics.o rendercubes.o renderextras.o rendergl.o rendermd2.o renderparticles.o rendertext.o rndmap.o savegamedemo.o server.o serverbrowser.o serverms.o serverutil.o sound.o tools.o weapon.o world.o worldio.o worldlight.o worldocull.o worldrender.o ../SDK/samples/SoundEngine/Common/AkFileLocationBase.o ../SDK/samples/SoundEngine/Common/AkMultipleFileLocation.o ../SDK/samples/SoundEngine/POSIX/AkDefaultIOHookBlocking.o ../enet/callbacks.o ../enet/memory.o ../enet/protocol.o ../enet/host.o ../enet/packet.o ../enet/unix.o ../enet/list.o ../enet/peer.o ../enet/win32.o
# automatic
# | := 
# automatic
# < := client.o
# automatic
# ^ := client.o clientextras.o clientgame.o clients2c.o command.o console.o editing.o entities.o main.o menus.o monster.o physics.o rendercubes.o renderextras.o rendergl.o rendermd2.o renderparticles.o rendertext.o rndmap.o savegamedemo.o server.o serverbrowser.o serverms.o serverutil.o sound.o tools.o weapon.o world.o worldio.o worldlight.o worldocull.o worldrender.o ../SDK/samples/SoundEngine/Common/AkFileLocationBase.o ../SDK/samples/SoundEngine/Common/AkMultipleFileLocation.o ../SDK/samples/SoundEngine/POSIX/AkDefaultIOHookBlocking.o ../enet/callbacks.o ../enet/memory.o ../enet/protocol.o ../enet/host.o ../enet/packet.o ../enet/unix.o ../enet/list.o ../enet/peer.o ../enet/win32.o
# automatic
# ? := client.o clientextras.o clientgame.o clients2c.o command.o console.o editing.o entities.o main.o menus.o monster.o physics.o rendercubes.o renderextras.o rendergl.o rendermd2.o renderparticles.o rendertext.o rndmap.o savegamedemo.o server.o serverbrowser.o serverms.o serverutil.o sound.o tools.o weapon.o world.o worldio.o worldlight.o worldocull.o worldrender.o ../SDK/samples/SoundEngine/Common/AkFileLocationBase.o ../SDK/samples/SoundEngine/Common/AkMultipleFileLocation.o ../SDK/samples/SoundEngine/POSIX/AkDefaultIOHookBlocking.o ../enet/callbacks.o ../enet/memory.o ../enet/protocol.o ../enet/host.o ../enet/packet.o ../enet/unix.o ../enet/list.o ../enet/peer.o ../enet/win32.o
# variable set hash-table stats:
# Load=8/32=25%, Rehash=0, Collisions=9/23=39%
#  commands to execute (from `Makefile', line 85):
	$(CXX) $(CXXFLAGS) -o ../../cube_game/cube_client $(CLIENT_OBJS) $(ENET_OBJS) $(CLIENT_LIBS)
	

# Not a target:
weapon.o:
#  Implicit rule search has been done.
#  Last modified 2022-05-27 16:54:55
#  File has been updated.
#  Successfully updated.
# variable set hash-table stats:
# Load=0/32=0%, Rehash=0, Collisions=0/0=0%

# Not a target:
worldio.o:
#  Implicit rule search has been done.
#  Last modified 2022-05-27 16:33:12
#  File has been updated.
#  Successfully updated.
# variable set hash-table stats:
# Load=0/32=0%, Rehash=0, Collisions=0/0=0%

# Not a target:
rndmap.o:
#  Implicit rule search has been done.
#  Last modified 2022-05-27 16:33:10
#  File has been updated.
#  Successfully updated.
# variable set hash-table stats:
# Load=0/32=0%, Rehash=0, Collisions=0/0=0%

# Not a target:
physics.o:
#  Implicit rule search has been done.
#  Last modified 2022-05-27 16:33:08
#  File has been updated.
#  Successfully updated.
# variable set hash-table stats:
# Load=0/32=0%, Rehash=0, Collisions=0/0=0%

# Not a target:
serverms.o:
#  Implicit rule search has been done.
#  Last modified 2022-05-27 16:33:10
#  File has been updated.
#  Successfully updated.
# variable set hash-table stats:
# Load=0/32=0%, Rehash=0, Collisions=0/0=0%

# Not a target:
../SDK/samples/SoundEngine/Common/AkMultipleFileLocation.o:
#  Implicit rule search has been done.
#  Last modified 2022-05-27 16:33:12
#  File has been updated.
#  Successfully updated.
# variable set hash-table stats:
# Load=0/32=0%, Rehash=0, Collisions=0/0=0%

# Not a target:
rendergl.o:
#  Implicit rule search has been done.
 
#  Last modified 2022-05-27 16:33:09
#  File has been updated.
#  Successfully updated.
# variable set hash-table stats:
# Load=0/32=0%, Rehash=0, Collisions=0/0=0%

# Not a target:
worldocull.o:
#  Implicit rule search has been done.
#  Last modified 2022-05-27 16:33:12
#  File has been updated.
#  Successfully updated.
# variable set hash-table stats:
# Load=0/32=0%, Rehash=0, Collisions=0/0=0%

# Not a target:
rendercubes.o:
#  Implicit rule search has been done.
#  Last modified 2022-05-27 16:33:09
#  File has been updated.
#  Successfully updated.
# variable set hash-table stats:
# Load=0/32=0%, Rehash=0, Collisions=0/0=0%

# Not a target:
../enet/list.o:
#  Implicit rule search has been done.
#  Last modified 2022-05-27 16:33:13
#  File has been updated.
#  Successfully updated.
# variable set hash-table stats:
# Load=0/32=0%, Rehash=0, Collisions=0/0=0%

# Not a target:
clientgame.o:
#  Implicit rule search has been done.
#  Last modified 2022-05-27 16:33:07
#  File has been updated.
#  Successfully updated.
# variable set hash-table stats:
# Load=0/32=0%, Rehash=0, Collisions=0/0=0%

# Not a target:
world.o:
#  Implicit rule search has been done.
#  Last modified 2022-05-27 16:33:11
#  File has been updated.
#  Successfully updated.
# variable set hash-table stats:
# Load=0/32=0%, Rehash=0, Collisions=0/0=0%

# Not a target:
.SUFFIXES:
#  Implicit rule search has not been done.
#  Modification time never checked.
#  File has not been updated.

# Not a target:
Makefile:
#  Implicit rule search has been done.
#  Last modified 2022-05-19 10:23:03
#  File has been updated.
#  Successfully updated.
# variable set hash-table stats:
# Load=0/32=0%, Rehash=0, Collisions=0/0=0%

# Not a target:
clientextras.o:
#  Implicit rule search has been done.
#  Last modified 2022-05-27 16:33:07
#  File has been updated.
#  Successfully updated.
# variable set hash-table stats:
# Load=0/32=0%, Rehash=0, Collisions=0/0=0%

# Not a target:
sound.o:
#  Implicit rule search has been done.
#  Last modified 2022-05-27 16:54:54
#  File has been updated.
#  Successfully updated.
# variable set hash-table stats:
# Load=0/32=0%, Rehash=0, Collisions=0/0=0%

# Not a target:
server.o:
#  Implicit rule search has been done.
#  Last modified 2022-05-27 16:33:10
#  File has been updated.
#  Successfully updated.
# variable set hash-table stats:
# Load=0/32=0%, Rehash=0, Collisions=0/0=0%

server: standalone.o serverms.o server.o tools.o ../enet/callbacks.o ../enet/memory.o ../enet/protocol.o ../enet/host.o ../enet/packet.o ../enet/unix.o ../enet/list.o ../enet/peer.o ../enet/win32.o
#  Implicit rule search has not been done.
#  Modification time never checked.
#  File has not been updated.
#  commands to execute (from `Makefile', line 88):
	$(CXX) $(CXXFLAGS) -o cube_server $(SERVER_OBJS) $(ENET_OBJS) $(SERVER_LIBS)  
	

# Not a target:
../enet/unix.o:
#  Implicit rule search has been done.
#  Last modified 2022-05-27 16:33:13
#  File has been updated.
#  Successfully updated.
# variable set hash-table stats:
# Load=0/32=0%, Rehash=0, Collisions=0/0=0%

# Not a target:
console.o:
#  Implicit rule search has been done.
#  Last modified 2022-05-27 16:33:07
#  File has been updated.
#  Successfully updated.
# variable set hash-table stats:
# Load=0/32=0%, Rehash=0, Collisions=0/0=0%

# Not a target:
../enet/callbacks.o:
#  Implicit rule search has been done.
#  Last modified 2022-05-27 16:33:13
#  File has been updated.
#  Successfully updated.
# variable set hash-table stats:
# Load=0/32=0%, Rehash=0, Collisions=0/0=0%

# Not a target:
renderparticles.o:
#  Implicit rule search has been done.
#  Last modified 2022-05-27 16:33:09
#  File has been updated.
#  Successfully updated.
# variable set hash-table stats:
# Load=0/32=0%, Rehash=0, Collisions=0/0=0%

# Not a target:
worldrender.o:
#  Implicit rule search has been done.
#  Last modified 2022-05-27 16:33:12
#  File has been updated.
#  Successfully updated.
# variable set hash-table stats:
# Load=0/32=0%, Rehash=0, Collisions=0/0=0%

# Not a target:
../enet/memory.o:
#  Implicit rule search has been done.
#  Last modified 2022-05-27 16:33:13
#  File has been updated.
#  Successfully updated.
# variable set hash-table stats:
# Load=0/32=0%, Rehash=0, Collisions=0/0=0%

 
# Not a target:
rendertext.o:
#  Implicit rule search has been done.
#  Last modified 2022-05-27 16:33:10
#  File has been updated.
#  Successfully updated.
# variable set hash-table stats:
# Load=0/32=0%, Rehash=0, Collisions=0/0=0%

default: client
#  Implicit rule search has not been done.
#  Modification time never checked.
#  File has not been updated.

standalone.o:
#  Implicit rule search has not been done.
#  Modification time never checked.
#  File has not been updated.
#  commands to execute (from `Makefile', line 82):
	$(CXX) $(CXXFLAGS) -DSTANDALONE -o standalone.o -c serverutil.cpp
	

# Not a target:
../enet/packet.o:
#  Implicit rule search has been done.
#  Last modified 2022-05-27 16:33:13
#  File has been updated.
#  Successfully updated.
# variable set hash-table stats:
# Load=0/32=0%, Rehash=0, Collisions=0/0=0%

# Not a target:
entities.o:
#  Implicit rule search has been done.
#  Last modified 2022-05-27 16:54:54
#  File has been updated.
#  Successfully updated.
# variable set hash-table stats:
# Load=0/32=0%, Rehash=0, Collisions=0/0=0%

# Not a target:
.DEFAULT:
#  Implicit rule search has not been done.
#  Modification time never checked.
#  File has not been updated.

# Not a target:
../enet/protocol.o:
#  Implicit rule search has been done.
#  Last modified 2022-05-27 16:33:13
#  File has been updated.
#  Successfully updated.
# variable set hash-table stats:
# Load=0/32=0%, Rehash=0, Collisions=0/0=0%

clean:
#  Implicit rule search has not been done.
#  Modification time never checked.
#  File has not been updated.
#  commands to execute (from `Makefile', line 78):
	-rm -f $(SERVER_OBJS) $(CLIENT_OBJS) $(ENET_OBJS) cube_server ../../cube_game/cube_client
	-make -C ../enet/ clean
	

# Not a target:
../enet/peer.o:
#  Implicit rule search has been done.
#  Last modified 2022-05-27 16:33:13
#  File has been updated.
#  Successfully updated.
# variable set hash-table stats:
# Load=0/32=0%, Rehash=0, Collisions=0/0=0%

# Not a target:
serverutil.o:
#  Implicit rule search has been done.
#  Last modified 2022-05-27 16:33:11
#  File has been updated.
#  Successfully updated.
# variable set hash-table stats:
# Load=0/32=0%, Rehash=0, Collisions=0/0=0%

# Not a target:
worldlight.o:
#  Implicit rule search has been done.
#  Last modified 2022-05-27 16:33:12
#  File has been updated.
#  Successfully updated.
# variable set hash-table stats:
# Load=0/32=0%, Rehash=0, Collisions=0/0=0%

# Not a target:
monster.o:
#  Implicit rule search has been done.
#  Last modified 2022-05-27 16:33:08
#  File has been updated.
#  Successfully updated.
# variable set hash-table stats:
# Load=0/32=0%, Rehash=0, Collisions=0/0=0%

# Not a target:
../SDK/samples/SoundEngine/POSIX/AkDefaultIOHookBlocking.o:
#  Implicit rule search has been done.
#  Last modified 2022-05-27 16:33:13
#  File has been updated.
#  Successfully updated.
# variable set hash-table stats:
# Load=0/32=0%, Rehash=0, Collisions=0/0=0%

# Not a target:
main.o:
#  Implicit rule search has been done.
#  Last modified 2022-05-27 16:33:08
#  File has been updated.
#  Successfully updated.
# variable set hash-table stats:
# Load=0/32=0%, Rehash=0, Collisions=0/0=0%

# Not a target:
clients2c.o:
#  Implicit rule search has been done.
#  Last modified 2022-05-27 16:33:07
#  File has been updated.
#  Successfully updated.
# variable set hash-table stats:
# Load=0/32=0%, Rehash=0, Collisions=0/0=0%

# Not a target:
menus.o:
#  Implicit rule search has been done.
#  Last modified 2022-05-27 16:33:08
#  File has been updated.
#  Successfully updated.
# variable set hash-table stats:
# Load=0/32=0%, Rehash=0, Collisions=0/0=0%

# Not a target:
serverbrowser.o:
#  Implicit rule search has been done.
#  Last modified 2022-05-27 16:33:10
#  File has been updated.
#  Successfully updated.
# variable set hash-table stats:
# Load=0/32=0%, Rehash=0, Collisions=0/0=0%

# Not a target:
tools.o:
#  Implicit rule search has been done.
#  Last modified 2022-05-27 16:33:11
#  File has been updated.
#  Successfully updated.
 
# variable set hash-table stats:
# Load=0/32=0%, Rehash=0, Collisions=0/0=0%

# files hash-table stats:
# Load=53/1024=5%, Rehash=0, Collisions=4/126=3%
# VPATH Search Paths

# No `vpath' search paths.

# No general (`VPATH' variable) search path.

# # of strings in strcache: 1
# # of strcache buffers: 1
# strcache size: total = 4096 / max = 4096 / min = 4096 / avg = 4096
# strcache free: total = 4087 / max = 4087 / min = 4087 / avg = 4087

# Finished Make data base on Fri Jun  3 16:12:55 2022

 
