This file contains any messages produced by compilers while
running configure, to aid debugging if configure makes a mistake.

It was created by libenet configure 7-18-2005, which was
generated by GNU Autoconf 2.59.  Invocation command line was

  $ ./configure 

## --------- ##
## Platform. ##
## --------- ##

hostname = andreas-mbp.lan
uname -m = x86_64
uname -r = 21.6.0
uname -s = Darwin
uname -v = Darwin Kernel Version 21.6.0: Mon Dec 19 20:44:01 PST 2022; root:xnu-8020.240.18~2/RELEASE_X86_64

/usr/bin/uname -p = i386
/bin/uname -X     = unknown

/bin/arch              = unknown
/usr/bin/arch -k       = unknown
/usr/convex/getsysinfo = unknown
hostinfo               = Mach kernel version:
	 Darwin Kernel Version 21.6.0: Mon Dec 19 20:44:01 PST 2022; root:xnu-8020.240.18~2/RELEASE_X86_64
Kernel configured for up to 12 processors.
6 processors are physically available.
12 processors are logically available.
Processor type: x86_64h (Intel x86-64h Haswell)
Processors active: 0 1 2 3 4 5 6 7 8 9 10 11
Primary memory available: 16.00 gigabytes
Default processor set: 592 tasks, 2920 threads, 12 processors
Load average: 1.74, Mach factor: 10.25
/bin/machine           = unknown
/usr/bin/oslevel       = unknown
/bin/universe          = unknown

PATH: /usr/local/bin
PATH: /usr/local/sbin
PATH: /usr/local/bin
PATH: /usr/bin
PATH: /bin
PATH: /usr/sbin
PATH: /sbin
PATH: /usr/local/share/dotnet
PATH: ~/.dotnet/tools
PATH: /Library/Frameworks/Mono.framework/Versions/Current/Commands


## ----------- ##
## Core tests. ##
## ----------- ##

configure:1311: checking for a BSD-compatible install
configure:1366: result: /usr/bin/install -c
configure:1377: checking whether build environment is sane
configure:1420: result: yes
configure:1444: WARNING: `missing' script is too old or missing
configure:1485: checking for gawk
configure:1514: result: no
configure:1485: checking for mawk
configure:1514: result: no
configure:1485: checking for nawk
configure:1514: result: no
configure:1485: checking for awk
configure:1501: found /usr/bin/awk
configure:1511: result: awk
configure:1521: checking whether make sets $(MAKE)
configure:1541: result: yes
configure:1756: checking for gcc
configure:1772: found /usr/bin/gcc
configure:1782: result: gcc
configure:2026: checking for C compiler version
configure:2029: gcc --version </dev/null >&5
Apple clang version 14.0.0 (clang-1400.0.29.202)
Target: x86_64-apple-darwin21.6.0
Thread model: posix
InstalledDir: /Library/Developer/CommandLineTools/usr/bin
configure:2032: $? = 0
configure:2034: gcc -v </dev/null >&5
Apple clang version 14.0.0 (clang-1400.0.29.202)
Target: x86_64-apple-darwin21.6.0
Thread model: posix
InstalledDir: /Library/Developer/CommandLineTools/usr/bin
configure:2037: $? = 0
configure:2039: gcc -V </dev/null >&5
clang: error: argument to '-V' is missing (expected 1 value)
clang: error: no input files
configure:2042: $? = 1
configure:2065: checking for C compiler default output file name
configure:2068: gcc    conftest.c  >&5
configure:2071: $? = 0
configure:2117: result: a.out
configure:2122: checking whether the C compiler works
configure:2128: ./a.out
configure:2131: $? = 0
configure:2148: result: yes
configure:2155: checking whether we are cross compiling
configure:2157: result: no
configure:2160: checking for suffix of executables
configure:2162: gcc -o conftest    conftest.c  >&5
configure:2165: $? = 0
configure:2190: result: 
configure:2196: checking for suffix of object files
configure:2217: gcc -c   conftest.c >&5
configure:2220: $? = 0
configure:2242: result: o
configure:2246: checking whether we are using the GNU C compiler
configure:2270: gcc -c   conftest.c >&5
configure:2276: $? = 0
configure:2279: test -z 			 || test ! -s conftest.err
configure:2282: $? = 0
configure:2285: test -s conftest.o
configure:2288: $? = 0
configure:2301: result: yes
configure:2307: checking whether gcc accepts -g
configure:2328: gcc -c -g  conftest.c >&5
configure:2334: $? = 0
configure:2337: test -z 			 || test ! -s conftest.err
configure:2340: $? = 0
configure:2343: test -s conftest.o
configure:2346: $? = 0
configure:2357: result: yes
configure:2374: checking for gcc option to accept ANSI C
configure:2444: gcc  -c -g -O2  conftest.c >&5
configure:2450: $? = 0
configure:2453: test -z 			 || test ! -s conftest.err
configure:2456: $? = 0
configure:2459: test -s conftest.o
configure:2462: $? = 0
configure:2480: result: none needed
configure:2498: gcc -c -g -O2  conftest.c >&5
conftest.c:2:3: error: unknown type name 'choke'
  choke me
  ^
conftest.c:2:11: error: expected ';' after top level declarator
  choke me
          ^
          ;
2 errors generated.
configure:2504: $? = 1
configure: failed program was:
| #ifndef __cplusplus
|   choke me
| #endif
configure:2645: checking for style of include used by make
configure:2673: result: GNU
configure:2701: checking dependency style of gcc
configure:2791: result: gcc3
configure:2849: checking for ranlib
configure:2865: found /usr/bin/ranlib
configure:2876: result: ranlib
configure:2890: checking for gethostbyaddr_r
configure:2947: gcc -o conftest -g -O2   conftest.c  >&5
Undefined symbols for architecture x86_64:
  "_gethostbyaddr_r", referenced from:
      _main in conftest-7b1342.o
      _f in conftest-7b1342.o
ld: symbol(s) not found for architecture x86_64
clang: error: linker command failed with exit code 1 (use -v to see invocation)
configure:2953: $? = 1
configure: failed program was:
| /* confdefs.h.  */
| 
| #define PACKAGE_NAME "libenet"
| #define PACKAGE_TARNAME "libenet"
| #define PACKAGE_VERSION "7-18-2005"
| #define PACKAGE_STRING "libenet 7-18-2005"
| #define PACKAGE_BUGREPORT ""
| #define PACKAGE "libenet.a"
| #define VERSION "7-18-2005"
| /* end confdefs.h.  */
| /* Define gethostbyaddr_r to an innocuous variant, in case <limits.h> declares gethostbyaddr_r.
|    For example, HP-UX 11i <limits.h> declares gettimeofday.  */
| #define gethostbyaddr_r innocuous_gethostbyaddr_r
| 
| /* System header to define __stub macros and hopefully few prototypes,
|     which can conflict with char gethostbyaddr_r (); below.
|     Prefer <limits.h> to <assert.h> if __STDC__ is defined, since
|     <limits.h> exists even on freestanding compilers.  */
| 
| #ifdef __STDC__
| # include <limits.h>
| #else
| # include <assert.h>
| #endif
| 
| #undef gethostbyaddr_r
| 
| /* Override any gcc2 internal prototype to avoid an error.  */
| #ifdef __cplusplus
| extern "C"
| {
| #endif
| /* We use char because int might match the return type of a gcc2
|    builtin and then its argument prototype would still apply.  */
| char gethostbyaddr_r ();
| /* The GNU C library defines this for functions which it implements
|     to always fail with ENOSYS.  Some functions are actually named
|     something starting with __ and the normal name is an alias.  */
| #if defined (__stub_gethostbyaddr_r) || defined (__stub___gethostbyaddr_r)
| choke me
| #else
| char (*f) () = gethostbyaddr_r;
| #endif
| #ifdef __cplusplus
| }
| #endif
| 
| int
| main ()
| {
| return f != gethostbyaddr_r;
|   ;
|   return 0;
| }
configure:2977: result: no
configure:2986: checking for gethostbyname_r
configure:3043: gcc -o conftest -g -O2   conftest.c  >&5
Undefined symbols for architecture x86_64:
  "_gethostbyname_r", referenced from:
      _main in conftest-e5cb63.o
      _f in conftest-e5cb63.o
ld: symbol(s) not found for architecture x86_64
clang: error: linker command failed with exit code 1 (use -v to see invocation)
configure:3049: $? = 1
configure: failed program was:
| /* confdefs.h.  */
| 
| #define PACKAGE_NAME "libenet"
| #define PACKAGE_TARNAME "libenet"
| #define PACKAGE_VERSION "7-18-2005"
| #define PACKAGE_STRING "libenet 7-18-2005"
| #define PACKAGE_BUGREPORT ""
| #define PACKAGE "libenet.a"
| #define VERSION "7-18-2005"
| /* end confdefs.h.  */
| /* Define gethostbyname_r to an innocuous variant, in case <limits.h> declares gethostbyname_r.
|    For example, HP-UX 11i <limits.h> declares gettimeofday.  */
| #define gethostbyname_r innocuous_gethostbyname_r
| 
| /* System header to define __stub macros and hopefully few prototypes,
|     which can conflict with char gethostbyname_r (); below.
|     Prefer <limits.h> to <assert.h> if __STDC__ is defined, since
|     <limits.h> exists even on freestanding compilers.  */
| 
| #ifdef __STDC__
| # include <limits.h>
| #else
| # include <assert.h>
| #endif
| 
| #undef gethostbyname_r
| 
| /* Override any gcc2 internal prototype to avoid an error.  */
| #ifdef __cplusplus
| extern "C"
| {
| #endif
| /* We use char because int might match the return type of a gcc2
|    builtin and then its argument prototype would still apply.  */
| char gethostbyname_r ();
| /* The GNU C library defines this for functions which it implements
|     to always fail with ENOSYS.  Some functions are actually named
|     something starting with __ and the normal name is an alias.  */
| #if defined (__stub_gethostbyname_r) || defined (__stub___gethostbyname_r)
| choke me
| #else
| char (*f) () = gethostbyname_r;
| #endif
| #ifdef __cplusplus
| }
| #endif
| 
| int
| main ()
| {
| return f != gethostbyname_r;
|   ;
|   return 0;
| }
configure:3073: result: no
configure:3082: checking for poll
configure:3139: gcc -o conftest -g -O2   conftest.c  >&5
configure:3145: $? = 0
configure:3148: test -z 			 || test ! -s conftest.err
configure:3151: $? = 0
configure:3154: test -s conftest
configure:3157: $? = 0
configure:3169: result: yes
configure:3178: checking for fcntl
configure:3235: gcc -o conftest -g -O2   conftest.c  >&5
configure:3241: $? = 0
configure:3244: test -z 			 || test ! -s conftest.err
configure:3247: $? = 0
configure:3250: test -s conftest
configure:3253: $? = 0
configure:3265: result: yes
configure:3275: checking for struct msghdr.msg_flags
configure:3299: gcc -c -g -O2  conftest.c >&5
configure:3305: $? = 0
configure:3308: test -z 			 || test ! -s conftest.err
configure:3311: $? = 0
configure:3314: test -s conftest.o
configure:3317: $? = 0
configure:3374: result: yes
configure:3384: checking for socklen_t
configure:3411: gcc -c -g -O2  conftest.c >&5
configure:3417: $? = 0
configure:3420: test -z 			 || test ! -s conftest.err
configure:3423: $? = 0
configure:3426: test -s conftest.o
configure:3429: $? = 0
configure:3440: result: yes
configure:3455: checking how to run the C preprocessor
configure:3490: gcc -E  conftest.c
configure:3496: $? = 0
configure:3528: gcc -E  conftest.c
conftest.c:15:10: fatal error: 'ac_nonexistent.h' file not found
#include <ac_nonexistent.h>
         ^~~~~~~~~~~~~~~~~~
1 error generated.
configure:3534: $? = 1
configure: failed program was:
| /* confdefs.h.  */
| 
| #define PACKAGE_NAME "libenet"
| #define PACKAGE_TARNAME "libenet"
| #define PACKAGE_VERSION "7-18-2005"
| #define PACKAGE_STRING "libenet 7-18-2005"
| #define PACKAGE_BUGREPORT ""
| #define PACKAGE "libenet.a"
| #define VERSION "7-18-2005"
| #define HAS_POLL 1
| #define HAS_FCNTL 1
| #define HAS_MSGHDR_FLAGS 1
| #define HAS_SOCKLEN_T 1
| /* end confdefs.h.  */
| #include <ac_nonexistent.h>
configure:3573: result: gcc -E
configure:3597: gcc -E  conftest.c
configure:3603: $? = 0
configure:3635: gcc -E  conftest.c
conftest.c:15:10: fatal error: 'ac_nonexistent.h' file not found
#include <ac_nonexistent.h>
         ^~~~~~~~~~~~~~~~~~
1 error generated.
configure:3641: $? = 1
configure: failed program was:
| /* confdefs.h.  */
| 
| #define PACKAGE_NAME "libenet"
| #define PACKAGE_TARNAME "libenet"
| #define PACKAGE_VERSION "7-18-2005"
| #define PACKAGE_STRING "libenet 7-18-2005"
| #define PACKAGE_BUGREPORT ""
| #define PACKAGE "libenet.a"
| #define VERSION "7-18-2005"
| #define HAS_POLL 1
| #define HAS_FCNTL 1
| #define HAS_MSGHDR_FLAGS 1
| #define HAS_SOCKLEN_T 1
| /* end confdefs.h.  */
| #include <ac_nonexistent.h>
configure:3685: checking for egrep
configure:3695: result: grep -E
conftest.c:15:10: fatal error: '/usr/include/sys/socket.h' file not found
#include </usr/include/sys/socket.h>
         ^~~~~~~~~~~~~~~~~~~~~~~~~~~
1 error generated.
conftest.c:15:10: fatal error: 'socket.h' file not found
#include <socket.h>
         ^~~~~~~~~~
1 error generated.
configure:3878: creating ./config.status

## ---------------------- ##
## Running config.status. ##
## ---------------------- ##

This file was extended by libenet config.status 7-18-2005, which was
generated by GNU Autoconf 2.59.  Invocation command line was

  CONFIG_FILES    = 
  CONFIG_HEADERS  = 
  CONFIG_LINKS    = 
  CONFIG_COMMANDS = 
  $ ./config.status 

on andreas-mbp.lan

config.status:724: creating Makefile
config.status:724: creating include/Makefile
config.status:724: creating include/enet/Makefile
config.status:869: executing depfiles commands

## ---------------- ##
## Cache variables. ##
## ---------------- ##

ac_cv_c_compiler_gnu=yes
ac_cv_env_CC_set=
ac_cv_env_CC_value=
ac_cv_env_CFLAGS_set=
ac_cv_env_CFLAGS_value=
ac_cv_env_CPPFLAGS_set=
ac_cv_env_CPPFLAGS_value=
ac_cv_env_CPP_set=
ac_cv_env_CPP_value=
ac_cv_env_LDFLAGS_set=
ac_cv_env_LDFLAGS_value=
ac_cv_env_build_alias_set=
ac_cv_env_build_alias_value=
ac_cv_env_host_alias_set=
ac_cv_env_host_alias_value=
ac_cv_env_target_alias_set=
ac_cv_env_target_alias_value=
ac_cv_exeext=
ac_cv_func_fcntl=yes
ac_cv_func_gethostbyaddr_r=no
ac_cv_func_gethostbyname_r=no
ac_cv_func_poll=yes
ac_cv_member_struct_msghdr_msg_flags=yes
ac_cv_objext=o
ac_cv_path_install='/usr/bin/install -c'
ac_cv_prog_AWK=awk
ac_cv_prog_CPP='gcc -E'
ac_cv_prog_ac_ct_CC=gcc
ac_cv_prog_ac_ct_RANLIB=ranlib
ac_cv_prog_cc_g=yes
ac_cv_prog_cc_stdc=
ac_cv_prog_egrep='grep -E'
ac_cv_prog_make_make_set=yes
ac_cv_type_socklen_t=yes
am_cv_CC_dependencies_compiler_type=gcc3

## ----------------- ##
## Output variables. ##
## ----------------- ##

ACLOCAL='aclocal-1.9'
AMDEPBACKSLASH='\'
AMDEP_FALSE='#'
AMDEP_TRUE=''
AMTAR='tar'
AUTOCONF='autoconf'
AUTOHEADER='autoheader'
AUTOMAKE='automake-1.9'
AWK='awk'
CC='gcc'
CCDEPMODE='depmode=gcc3'
CFLAGS='-g -O2'
CPP='gcc -E'
CPPFLAGS=''
CYGPATH_W='echo'
DEFS='-DPACKAGE_NAME=\"libenet\" -DPACKAGE_TARNAME=\"libenet\" -DPACKAGE_VERSION=\"7-18-2005\" -DPACKAGE_STRING=\"libenet\ 7-18-2005\" -DPACKAGE_BUGREPORT=\"\" -DPACKAGE=\"libenet.a\" -DVERSION=\"7-18-2005\" -DHAS_POLL=1 -DHAS_FCNTL=1 -DHAS_MSGHDR_FLAGS=1 -DHAS_SOCKLEN_T=1 '
DEPDIR='.deps'
ECHO_C='ECHO_N=''
ECHO_T=''
EGREP='grep -E'
EXEEXT=''
INSTALL_DATA='${INSTALL} -m 644'
INSTALL_PROGRAM='${INSTALL}'
INSTALL_SCRIPT='${INSTALL}'
INSTALL_STRIP_PROGRAM='${SHELL} $(install_sh) -c -s'
LDFLAGS=''
LIBOBJS=''
LIBS=''
LTLIBOBJS=''
MAKEINFO='makeinfo'
OBJEXT='o'
PACKAGE='libenet.a'
PACKAGE_BUGREPORT=''
PACKAGE_NAME='libenet'
PACKAGE_STRING='libenet 7-18-2005'
PACKAGE_TARNAME='libenet'
PACKAGE_VERSION='7-18-2005'
PATH_SEPARATOR=':'
RANLIB='ranlib'
SET_MAKE=''
SHELL='/bin/sh'
STRIP=''
VERSION='7-18-2005'
ac_ct_CC='gcc'
ac_ct_RANLIB='ranlib'
ac_ct_STRIP=''
am__fastdepCC_FALSE='#'
am__fastdepCC_TRUE=''
am__include='include'
am__leading_dot='.'
am__quote=''
am__tar='${AMTAR} chof - "$$tardir"'
am__untar='${AMTAR} xf -'
bindir='${exec_prefix}/bin'
build_alias=''
datadir='${prefix}/share'
exec_prefix='${prefix}'
host_alias=''
includedir='${prefix}/include'
infodir='${prefix}/info'
install_sh='/Users/andrea/_coding/cube/cube_source/enet/install-sh'
libdir='${exec_prefix}/lib'
libexecdir='${exec_prefix}/libexec'
localstatedir='${prefix}/var'
mandir='${prefix}/man'
mkdir_p='$(mkinstalldirs)'
oldincludedir='/usr/include'
prefix='/usr/local'
program_transform_name='s,x,x,'
sbindir='${exec_prefix}/sbin'
sharedstatedir='${prefix}/com'
sysconfdir='${prefix}/etc'
target_alias=''

## ----------- ##
## confdefs.h. ##
## ----------- ##

#define HAS_FCNTL 1
#define HAS_MSGHDR_FLAGS 1
#define HAS_POLL 1
#define HAS_SOCKLEN_T 1
#define PACKAGE "libenet.a"
#define PACKAGE_BUGREPORT ""
#define PACKAGE_NAME "libenet"
#define PACKAGE_STRING "libenet 7-18-2005"
#define PACKAGE_TARNAME "libenet"
#define PACKAGE_VERSION "7-18-2005"
#define VERSION "7-18-2005"

configure: exit 0
